INFO: COMMAND: train.py --data .\data\en-fr\prepared\ --source-lang fr --target-lang en --save-dir .\assignments\03\MyBaseline\ThirdModel\checkpoints\ --cuda --encoder-num-layers 2 --decoder-num-layers 2 --patience 5 --log-file .\assignments\03\MyBaseline\ThirdModel\train_log.log
INFO: Arguments: {'cuda': True, 'data': '.\\data\\en-fr\\prepared\\', 'source_lang': 'fr', 'target_lang': 'en', 'max_tokens': None, 'batch_size': 1, 'train_on_tiny': False, 'arch': 'lstm', 'max_epoch': 10000, 'clip_norm': 4.0, 'lr': 0.0003, 'patience': 5, 'log_file': '.\\assignments\\03\\MyBaseline\\ThirdModel\\train_log.log', 'save_dir': '.\\assignments\\03\\MyBaseline\\ThirdModel\\checkpoints\\', 'restore_file': 'checkpoint_last.pt', 'save_interval': 1, 'no_save': False, 'epoch_checkpoints': False, 'encoder_num_layers': 2, 'decoder_num_layers': 2, 'encoder_embed_dim': 64, 'encoder_embed_path': None, 'encoder_hidden_size': 64, 'encoder_bidirectional': 'True', 'encoder_dropout_in': 0.25, 'encoder_dropout_out': 0.25, 'decoder_embed_dim': 64, 'decoder_embed_path': None, 'decoder_hidden_size': 128, 'decoder_dropout_in': 0.25, 'decoder_dropout_out': 0.25, 'decoder_use_attention': 'True', 'decoder_use_lexical_model': 'False', 'device_id': 0}
INFO: Loaded a source dictionary (fr) with 4000 words
INFO: Loaded a target dictionary (en) with 4000 words
INFO: Built a model with 1540000 parameters
INFO: Epoch 000: loss 4.742 | lr 0.0003 | num_tokens 9.431 | batch_size 1 | grad_norm 28.71 | clip 0.9967
INFO: Epoch 000: valid_loss 5.31 | num_tokens 9.39 | batch_size 500 | valid_perplexity 201
INFO: Epoch 001: loss 4.073 | lr 0.0003 | num_tokens 9.431 | batch_size 1 | grad_norm 32 | clip 1
INFO: Epoch 001: valid_loss 5.15 | num_tokens 9.39 | batch_size 500 | valid_perplexity 172
INFO: Epoch 002: loss 3.796 | lr 0.0003 | num_tokens 9.431 | batch_size 1 | grad_norm 35.44 | clip 1
INFO: Epoch 002: valid_loss 4.69 | num_tokens 9.39 | batch_size 500 | valid_perplexity 109
INFO: Epoch 003: loss 3.602 | lr 0.0003 | num_tokens 9.431 | batch_size 1 | grad_norm 37.08 | clip 1
INFO: Epoch 003: valid_loss 4.37 | num_tokens 9.39 | batch_size 500 | valid_perplexity 79.1
INFO: Epoch 004: loss 3.461 | lr 0.0003 | num_tokens 9.431 | batch_size 1 | grad_norm 38.19 | clip 1
INFO: Epoch 004: valid_loss 4.25 | num_tokens 9.39 | batch_size 500 | valid_perplexity 70
INFO: Epoch 005: loss 3.341 | lr 0.0003 | num_tokens 9.431 | batch_size 1 | grad_norm 39.13 | clip 1
INFO: Epoch 005: valid_loss 4.17 | num_tokens 9.39 | batch_size 500 | valid_perplexity 64.8
INFO: Epoch 006: loss 3.245 | lr 0.0003 | num_tokens 9.431 | batch_size 1 | grad_norm 39.92 | clip 1
INFO: Epoch 006: valid_loss 4.01 | num_tokens 9.39 | batch_size 500 | valid_perplexity 55.2
INFO: Epoch 007: loss 3.157 | lr 0.0003 | num_tokens 9.431 | batch_size 1 | grad_norm 40.77 | clip 1
INFO: Epoch 007: valid_loss 3.91 | num_tokens 9.39 | batch_size 500 | valid_perplexity 49.8
INFO: Epoch 008: loss 3.08 | lr 0.0003 | num_tokens 9.431 | batch_size 1 | grad_norm 41.08 | clip 1
INFO: Epoch 008: valid_loss 3.82 | num_tokens 9.39 | batch_size 500 | valid_perplexity 45.4
INFO: Epoch 009: loss 3.004 | lr 0.0003 | num_tokens 9.431 | batch_size 1 | grad_norm 41.4 | clip 0.9999
INFO: Epoch 009: valid_loss 3.7 | num_tokens 9.39 | batch_size 500 | valid_perplexity 40.6
INFO: Epoch 010: loss 2.942 | lr 0.0003 | num_tokens 9.431 | batch_size 1 | grad_norm 41.54 | clip 1
INFO: Epoch 010: valid_loss 3.57 | num_tokens 9.39 | batch_size 500 | valid_perplexity 35.4
INFO: Epoch 011: loss 2.884 | lr 0.0003 | num_tokens 9.431 | batch_size 1 | grad_norm 41.83 | clip 1
INFO: Epoch 011: valid_loss 3.5 | num_tokens 9.39 | batch_size 500 | valid_perplexity 33.2
INFO: Epoch 012: loss 2.83 | lr 0.0003 | num_tokens 9.431 | batch_size 1 | grad_norm 42 | clip 1
INFO: Epoch 012: valid_loss 3.41 | num_tokens 9.39 | batch_size 500 | valid_perplexity 30.4
INFO: Epoch 013: loss 2.774 | lr 0.0003 | num_tokens 9.431 | batch_size 1 | grad_norm 42.36 | clip 0.9998
INFO: Epoch 013: valid_loss 3.38 | num_tokens 9.39 | batch_size 500 | valid_perplexity 29.3
INFO: Epoch 014: loss 2.733 | lr 0.0003 | num_tokens 9.431 | batch_size 1 | grad_norm 42.25 | clip 0.9999
INFO: Epoch 014: valid_loss 3.24 | num_tokens 9.39 | batch_size 500 | valid_perplexity 25.6
INFO: Epoch 015: loss 2.687 | lr 0.0003 | num_tokens 9.431 | batch_size 1 | grad_norm 42.1 | clip 0.9999
INFO: Epoch 015: valid_loss 3.27 | num_tokens 9.39 | batch_size 500 | valid_perplexity 26.4
INFO: Epoch 016: loss 2.642 | lr 0.0003 | num_tokens 9.431 | batch_size 1 | grad_norm 42.49 | clip 1
INFO: Epoch 016: valid_loss 3.25 | num_tokens 9.39 | batch_size 500 | valid_perplexity 25.9
INFO: Epoch 017: loss 2.606 | lr 0.0003 | num_tokens 9.431 | batch_size 1 | grad_norm 42.68 | clip 0.9998
INFO: Epoch 017: valid_loss 3.11 | num_tokens 9.39 | batch_size 500 | valid_perplexity 22.4
INFO: Epoch 018: loss 2.567 | lr 0.0003 | num_tokens 9.431 | batch_size 1 | grad_norm 42.71 | clip 0.9998
INFO: Epoch 018: valid_loss 3.09 | num_tokens 9.39 | batch_size 500 | valid_perplexity 22.1
INFO: Epoch 019: loss 2.533 | lr 0.0003 | num_tokens 9.431 | batch_size 1 | grad_norm 42.49 | clip 0.9998
INFO: Epoch 019: valid_loss 3.1 | num_tokens 9.39 | batch_size 500 | valid_perplexity 22.1
INFO: Epoch 020: loss 2.502 | lr 0.0003 | num_tokens 9.431 | batch_size 1 | grad_norm 42.63 | clip 0.9997
INFO: Epoch 020: valid_loss 3.04 | num_tokens 9.39 | batch_size 500 | valid_perplexity 20.9
INFO: Epoch 021: loss 2.466 | lr 0.0003 | num_tokens 9.431 | batch_size 1 | grad_norm 42.8 | clip 0.9996
INFO: Epoch 021: valid_loss 3.08 | num_tokens 9.39 | batch_size 500 | valid_perplexity 21.8
INFO: Epoch 022: loss 2.445 | lr 0.0003 | num_tokens 9.431 | batch_size 1 | grad_norm 42.83 | clip 0.9998
INFO: Epoch 022: valid_loss 2.98 | num_tokens 9.39 | batch_size 500 | valid_perplexity 19.6
INFO: Epoch 023: loss 2.423 | lr 0.0003 | num_tokens 9.431 | batch_size 1 | grad_norm 42.53 | clip 0.9998
INFO: Epoch 023: valid_loss 3.01 | num_tokens 9.39 | batch_size 500 | valid_perplexity 20.2
INFO: Epoch 024: loss 2.401 | lr 0.0003 | num_tokens 9.431 | batch_size 1 | grad_norm 42.61 | clip 0.9995
INFO: Epoch 024: valid_loss 2.98 | num_tokens 9.39 | batch_size 500 | valid_perplexity 19.8
INFO: Epoch 025: loss 2.374 | lr 0.0003 | num_tokens 9.431 | batch_size 1 | grad_norm 42.6 | clip 0.9994
INFO: Epoch 025: valid_loss 2.95 | num_tokens 9.39 | batch_size 500 | valid_perplexity 19.1
INFO: Epoch 026: loss 2.353 | lr 0.0003 | num_tokens 9.431 | batch_size 1 | grad_norm 42.31 | clip 0.9995
INFO: Epoch 026: valid_loss 2.99 | num_tokens 9.39 | batch_size 500 | valid_perplexity 19.9
INFO: Epoch 027: loss 2.331 | lr 0.0003 | num_tokens 9.431 | batch_size 1 | grad_norm 42.43 | clip 0.9996
INFO: Epoch 027: valid_loss 2.94 | num_tokens 9.39 | batch_size 500 | valid_perplexity 18.8
INFO: Epoch 028: loss 2.316 | lr 0.0003 | num_tokens 9.431 | batch_size 1 | grad_norm 42.5 | clip 0.9995
INFO: Epoch 028: valid_loss 2.96 | num_tokens 9.39 | batch_size 500 | valid_perplexity 19.3
INFO: Epoch 029: loss 2.292 | lr 0.0003 | num_tokens 9.431 | batch_size 1 | grad_norm 42.6 | clip 0.9995
INFO: Epoch 029: valid_loss 2.83 | num_tokens 9.39 | batch_size 500 | valid_perplexity 16.9
INFO: Epoch 030: loss 2.275 | lr 0.0003 | num_tokens 9.431 | batch_size 1 | grad_norm 42.41 | clip 0.9986
INFO: Epoch 030: valid_loss 2.82 | num_tokens 9.39 | batch_size 500 | valid_perplexity 16.8
INFO: Epoch 031: loss 2.255 | lr 0.0003 | num_tokens 9.431 | batch_size 1 | grad_norm 42.26 | clip 0.9989
INFO: Epoch 031: valid_loss 2.83 | num_tokens 9.39 | batch_size 500 | valid_perplexity 16.9
INFO: Epoch 032: loss 2.239 | lr 0.0003 | num_tokens 9.431 | batch_size 1 | grad_norm 42.52 | clip 0.9991
INFO: Epoch 032: valid_loss 2.8 | num_tokens 9.39 | batch_size 500 | valid_perplexity 16.4
INFO: Epoch 033: loss 2.222 | lr 0.0003 | num_tokens 9.431 | batch_size 1 | grad_norm 42.36 | clip 0.9993
INFO: Epoch 033: valid_loss 2.79 | num_tokens 9.39 | batch_size 500 | valid_perplexity 16.2
INFO: Epoch 034: loss 2.209 | lr 0.0003 | num_tokens 9.431 | batch_size 1 | grad_norm 42.53 | clip 0.9989
INFO: Epoch 034: valid_loss 2.77 | num_tokens 9.39 | batch_size 500 | valid_perplexity 16
INFO: Epoch 035: loss 2.189 | lr 0.0003 | num_tokens 9.431 | batch_size 1 | grad_norm 42.48 | clip 0.999
INFO: Epoch 035: valid_loss 2.77 | num_tokens 9.39 | batch_size 500 | valid_perplexity 15.9
INFO: Epoch 036: loss 2.171 | lr 0.0003 | num_tokens 9.431 | batch_size 1 | grad_norm 42.72 | clip 0.9986
INFO: Epoch 036: valid_loss 2.73 | num_tokens 9.39 | batch_size 500 | valid_perplexity 15.4
INFO: Epoch 037: loss 2.158 | lr 0.0003 | num_tokens 9.431 | batch_size 1 | grad_norm 42.8 | clip 0.9992
INFO: Epoch 037: valid_loss 2.72 | num_tokens 9.39 | batch_size 500 | valid_perplexity 15.1
INFO: Epoch 038: loss 2.146 | lr 0.0003 | num_tokens 9.431 | batch_size 1 | grad_norm 42.58 | clip 0.9988
INFO: Epoch 038: valid_loss 2.7 | num_tokens 9.39 | batch_size 500 | valid_perplexity 14.9
INFO: Epoch 039: loss 2.133 | lr 0.0003 | num_tokens 9.431 | batch_size 1 | grad_norm 42.57 | clip 0.9986
INFO: Epoch 039: valid_loss 2.69 | num_tokens 9.39 | batch_size 500 | valid_perplexity 14.7
INFO: Epoch 040: loss 2.122 | lr 0.0003 | num_tokens 9.431 | batch_size 1 | grad_norm 42.7 | clip 0.9987
INFO: Epoch 040: valid_loss 2.69 | num_tokens 9.39 | batch_size 500 | valid_perplexity 14.7
INFO: Epoch 041: loss 2.107 | lr 0.0003 | num_tokens 9.431 | batch_size 1 | grad_norm 42.56 | clip 0.9984
INFO: Epoch 041: valid_loss 2.66 | num_tokens 9.39 | batch_size 500 | valid_perplexity 14.3
INFO: Epoch 042: loss 2.091 | lr 0.0003 | num_tokens 9.431 | batch_size 1 | grad_norm 42.57 | clip 0.9979
INFO: Epoch 042: valid_loss 2.68 | num_tokens 9.39 | batch_size 500 | valid_perplexity 14.6
INFO: Epoch 043: loss 2.084 | lr 0.0003 | num_tokens 9.431 | batch_size 1 | grad_norm 42.52 | clip 0.9984
INFO: Epoch 043: valid_loss 2.7 | num_tokens 9.39 | batch_size 500 | valid_perplexity 14.8
INFO: Epoch 044: loss 2.068 | lr 0.0003 | num_tokens 9.431 | batch_size 1 | grad_norm 42.8 | clip 0.9981
INFO: Epoch 044: valid_loss 2.66 | num_tokens 9.39 | batch_size 500 | valid_perplexity 14.4
INFO: Epoch 045: loss 2.058 | lr 0.0003 | num_tokens 9.431 | batch_size 1 | grad_norm 42.99 | clip 0.9984
INFO: Epoch 045: valid_loss 2.64 | num_tokens 9.39 | batch_size 500 | valid_perplexity 14
INFO: Epoch 046: loss 2.048 | lr 0.0003 | num_tokens 9.431 | batch_size 1 | grad_norm 42.71 | clip 0.9978
INFO: Epoch 046: valid_loss 2.64 | num_tokens 9.39 | batch_size 500 | valid_perplexity 13.9
INFO: Epoch 047: loss 2.031 | lr 0.0003 | num_tokens 9.431 | batch_size 1 | grad_norm 42.35 | clip 0.9981
INFO: Epoch 047: valid_loss 2.61 | num_tokens 9.39 | batch_size 500 | valid_perplexity 13.7
INFO: Epoch 048: loss 2.022 | lr 0.0003 | num_tokens 9.431 | batch_size 1 | grad_norm 42.55 | clip 0.9979
INFO: Epoch 048: valid_loss 2.65 | num_tokens 9.39 | batch_size 500 | valid_perplexity 14.1
INFO: Epoch 049: loss 2.011 | lr 0.0003 | num_tokens 9.431 | batch_size 1 | grad_norm 42.84 | clip 0.9966
INFO: Epoch 049: valid_loss 2.61 | num_tokens 9.39 | batch_size 500 | valid_perplexity 13.6
INFO: Epoch 050: loss 2.001 | lr 0.0003 | num_tokens 9.431 | batch_size 1 | grad_norm 42.59 | clip 0.9973
INFO: Epoch 050: valid_loss 2.64 | num_tokens 9.39 | batch_size 500 | valid_perplexity 14
INFO: Epoch 051: loss 1.993 | lr 0.0003 | num_tokens 9.431 | batch_size 1 | grad_norm 42.74 | clip 0.9979
INFO: Epoch 051: valid_loss 2.58 | num_tokens 9.39 | batch_size 500 | valid_perplexity 13.2
INFO: Epoch 052: loss 1.98 | lr 0.0003 | num_tokens 9.431 | batch_size 1 | grad_norm 42.83 | clip 0.9975
INFO: Epoch 052: valid_loss 2.58 | num_tokens 9.39 | batch_size 500 | valid_perplexity 13.3
INFO: Epoch 053: loss 1.975 | lr 0.0003 | num_tokens 9.431 | batch_size 1 | grad_norm 42.82 | clip 0.9972
INFO: Epoch 053: valid_loss 2.56 | num_tokens 9.39 | batch_size 500 | valid_perplexity 13
INFO: Epoch 054: loss 1.961 | lr 0.0003 | num_tokens 9.431 | batch_size 1 | grad_norm 42.53 | clip 0.997
INFO: Epoch 054: valid_loss 2.56 | num_tokens 9.39 | batch_size 500 | valid_perplexity 12.9
INFO: Epoch 055: loss 1.955 | lr 0.0003 | num_tokens 9.431 | batch_size 1 | grad_norm 42.78 | clip 0.9964
INFO: Epoch 055: valid_loss 2.54 | num_tokens 9.39 | batch_size 500 | valid_perplexity 12.7
INFO: Epoch 056: loss 1.948 | lr 0.0003 | num_tokens 9.431 | batch_size 1 | grad_norm 42.84 | clip 0.9967
INFO: Epoch 056: valid_loss 2.56 | num_tokens 9.39 | batch_size 500 | valid_perplexity 13
INFO: Epoch 057: loss 1.939 | lr 0.0003 | num_tokens 9.431 | batch_size 1 | grad_norm 42.67 | clip 0.9967
INFO: Epoch 057: valid_loss 2.55 | num_tokens 9.39 | batch_size 500 | valid_perplexity 12.8
INFO: Epoch 058: loss 1.93 | lr 0.0003 | num_tokens 9.431 | batch_size 1 | grad_norm 42.74 | clip 0.9965
INFO: Epoch 058: valid_loss 2.53 | num_tokens 9.39 | batch_size 500 | valid_perplexity 12.5
INFO: Epoch 059: loss 1.92 | lr 0.0003 | num_tokens 9.431 | batch_size 1 | grad_norm 42.55 | clip 0.997
INFO: Epoch 059: valid_loss 2.54 | num_tokens 9.39 | batch_size 500 | valid_perplexity 12.7
INFO: Epoch 060: loss 1.912 | lr 0.0003 | num_tokens 9.431 | batch_size 1 | grad_norm 42.9 | clip 0.9965
INFO: Epoch 060: valid_loss 2.51 | num_tokens 9.39 | batch_size 500 | valid_perplexity 12.3
INFO: Epoch 061: loss 1.911 | lr 0.0003 | num_tokens 9.431 | batch_size 1 | grad_norm 42.82 | clip 0.9962
INFO: Epoch 061: valid_loss 2.52 | num_tokens 9.39 | batch_size 500 | valid_perplexity 12.5
INFO: Epoch 062: loss 1.903 | lr 0.0003 | num_tokens 9.431 | batch_size 1 | grad_norm 42.87 | clip 0.9966
INFO: Epoch 062: valid_loss 2.52 | num_tokens 9.39 | batch_size 500 | valid_perplexity 12.4
INFO: Epoch 063: loss 1.89 | lr 0.0003 | num_tokens 9.431 | batch_size 1 | grad_norm 42.67 | clip 0.9957
INFO: Epoch 063: valid_loss 2.53 | num_tokens 9.39 | batch_size 500 | valid_perplexity 12.5
INFO: Epoch 064: loss 1.883 | lr 0.0003 | num_tokens 9.431 | batch_size 1 | grad_norm 42.76 | clip 0.9955
INFO: Epoch 064: valid_loss 2.51 | num_tokens 9.39 | batch_size 500 | valid_perplexity 12.4
INFO: Epoch 065: loss 1.875 | lr 0.0003 | num_tokens 9.431 | batch_size 1 | grad_norm 42.68 | clip 0.9962
INFO: Epoch 065: valid_loss 2.55 | num_tokens 9.39 | batch_size 500 | valid_perplexity 12.8
INFO: No validation set improvements observed for 5 epochs. Early stop!


[2023-11-05 13:41:27] COMMAND: translate.py --data data/en-fr/prepared --dicts data/en-fr/prepared --checkpoint-path .\assignments\03\MyBaseline\ThirdModel\checkpoints\checkpoint_best.pt --output .\assignments\03\MyBaseline\ThirdModel\translation.txt --cuda --batch-size 25
[2023-11-05 13:41:27] Arguments: {'cuda': True, 'data': 'data/en-fr/prepared', 'source_lang': 'fr', 'target_lang': 'en', 'max_tokens': None, 'batch_size': 25, 'train_on_tiny': False, 'arch': 'lstm', 'max_epoch': 10000, 'clip_norm': 4.0, 'lr': 0.0003, 'patience': 5, 'log_file': '.\\assignments\\03\\MyBaseline\\ThirdModel\\train_log.log', 'save_dir': '.\\assignments\\03\\MyBaseline\\ThirdModel\\checkpoints\\', 'restore_file': 'checkpoint_last.pt', 'save_interval': 1, 'no_save': False, 'epoch_checkpoints': False, 'encoder_num_layers': 2, 'decoder_num_layers': 2, 'encoder_embed_dim': 64, 'encoder_embed_path': None, 'encoder_hidden_size': 64, 'encoder_bidirectional': 'True', 'encoder_dropout_in': 0.25, 'encoder_dropout_out': 0.25, 'decoder_embed_dim': 64, 'decoder_embed_path': None, 'decoder_hidden_size': 128, 'decoder_dropout_in': 0.25, 'decoder_dropout_out': 0.25, 'decoder_use_attention': 'True', 'decoder_use_lexical_model': 'False', 'device_id': 0, 'seed': 42, 'dicts': 'data/en-fr/prepared', 'checkpoint_path': '.\\assignments\\03\\MyBaseline\\ThirdModel\\checkpoints\\checkpoint_best.pt', 'output': '.\\assignments\\03\\MyBaseline\\ThirdModel\\translation.txt', 'max_len': 128}
[2023-11-05 13:41:27] Loaded a source dictionary (fr) with 4000 words
[2023-11-05 13:41:27] Loaded a target dictionary (en) with 4000 words
[2023-11-05 13:41:27] Loaded a model from checkpoint .\assignments\03\MyBaseline\ThirdModel\checkpoints\checkpoint_best.pt


python .\RemoveBpeSymbols.py .\assignments\03\MyBaseline\ThirdModel\translation.txt .\assignments\03\MyBaseline\ThirdModel\translation.bpe.txt

bash scripts/postprocess.sh assignments/03/MyBaseline/ThirdModel/translation.bpe.txt assignments/03/MyBaseline/ThirdModel/translations.p.txt en

cat assignments/03/MyBaseline/ThirdModel/translations.p.txt | sacrebleu data/en-fr/raw/test.en
{
 "name": "BLEU",
 "score": 18.5,
 "signature": "nrefs:1|case:mixed|eff:no|tok:13a|smooth:exp|version:2.3.1",
 "verbose_score": "47.3/24.0/13.8/7.5 (BP = 1.000 ratio = 1.217 hyp_len = 4737 ref_len = 3892)",
 "nrefs": "1",
 "case": "mixed",
 "eff": "no",
 "tok": "13a",
 "smooth": "exp",
 "version": "2.3.1"
}
